2023-02-03 01:13:15,687 [*] Network has new height 774781 
2023-02-03 01:13:15,687 [*] Our local is 0
2023-02-03 01:13:15,687 [*] Our new local after update is 774781
2023-02-03 01:13:17,271 [*] Bitcoin Miner Started
2023-02-03 01:15:56,862 [*] Network has new height 774782 
2023-02-03 01:15:56,862 [*] Our local is 774781
2023-02-03 01:15:56,862 [*] Our new local after update is 774782
2023-02-03 01:15:56,862 [*] Restarting Miner
2023-02-03 01:15:58,877 [*] Bitcoin Miner Restarted
2023-02-03 01:21:19,470 [*] Network has new height 774783 
2023-02-03 01:21:19,470 [*] Our local is 774782
2023-02-03 01:21:19,470 [*] Our new local after update is 774783
2023-02-03 01:21:19,471 [*] Restarting Miner
2023-02-03 01:21:21,475 [*] Bitcoin Miner Restarted
2023-02-03 01:24:42,062 [*] Network has new height 774784 
2023-02-03 01:24:42,062 [*] Our local is 774783
2023-02-03 01:24:42,062 [*] Our new local after update is 774784
2023-02-03 01:24:42,062 [*] Restarting Miner
2023-02-03 01:24:44,077 [*] Bitcoin Miner Restarted
2023-02-03 01:27:54,661 [*] Bitcoin Miner Started
2023-02-03 01:27:57,770 [*] Network has new height 774785 
2023-02-03 01:27:57,770 [*] Our local is 0
2023-02-03 01:27:57,770 [*] Our new local after update is 774785
2023-02-03 01:29:59,642 [*] Network has new height 774786 
2023-02-03 01:29:59,642 [*] Our local is 774785
2023-02-03 01:29:59,642 [*] Our new local after update is 774786
2023-02-03 01:29:59,642 [*] Restarting Miner
2023-02-03 01:30:01,658 [*] Bitcoin Miner Restarted
2023-02-03 01:33:29,856 [*] Network has new height 774787 
2023-02-03 01:33:29,856 [*] Our local is 774786
2023-02-03 01:33:29,857 [*] Our new local after update is 774787
2023-02-03 01:33:29,857 [*] Restarting Miner
2023-02-03 01:33:31,871 [*] Bitcoin Miner Restarted
2023-02-03 01:33:33,207 [*] Restarting Miner
2023-02-03 01:33:35,222 [*] Bitcoin Miner Restarted
2023-02-03 01:53:45,685 [*] Network has new height 774788 
2023-02-03 01:53:45,685 [*] Our local is 774787
2023-02-03 01:53:45,685 [*] Our new local after update is 774788
2023-02-03 01:53:45,685 [*] Restarting Miner
2023-02-03 01:53:47,701 [*] Bitcoin Miner Restarted
2023-02-03 01:56:36,238 [*] Network has new height 774789 
2023-02-03 01:56:36,238 [*] Our local is 774788
2023-02-03 01:56:36,238 [*] Our new local after update is 774789
2023-02-03 01:56:36,238 [*] Restarting Miner
2023-02-03 01:56:38,253 [*] Bitcoin Miner Restarted
2023-02-03 01:57:16,649 [*] Network has new height 774790 
2023-02-03 01:57:16,649 [*] Our local is 774789
2023-02-03 01:57:16,649 [*] Our new local after update is 774790
2023-02-03 01:57:16,649 [*] Restarting Miner
2023-02-03 01:57:18,664 [*] Bitcoin Miner Restarted
2023-02-03 02:10:42,945 [*] Network has new height 774791 
2023-02-03 02:10:42,945 [*] Our local is 774790
2023-02-03 02:10:42,945 [*] Our new local after update is 774791
2023-02-03 02:10:42,945 [*] Restarting Miner
2023-02-03 02:10:44,961 [*] Bitcoin Miner Restarted
2023-02-03 02:16:46,304 [*] Network has new height 774792 
2023-02-03 02:16:46,304 [*] Our local is 774791
2023-02-03 02:16:46,304 [*] Our new local after update is 774792
2023-02-03 02:16:46,304 [*] Restarting Miner
2023-02-03 02:16:48,318 [*] Bitcoin Miner Restarted
2023-02-03 02:16:49,300 [*] Restarting Miner
2023-02-03 02:16:51,306 [*] Bitcoin Miner Restarted
